
<!DOCTYPE html>
<html>


<head>
	<meta charset='utf-8' /> 
	<meta name='description' content='' />
	<meta name='robots' content='noodp, noydir' />
	<meta name='viewport' content='width=device-width, initial-scale=1' />
	<meta id="timeStampFormat" name="timeStampFormat" content='MMM d, yyyy hh:mm:ss a'/>
	
	<link href='https://fonts.googleapis.com/css?family=Source+Sans+Pro:400,600' rel='stylesheet' type='text/css'>
	<link href="https://fonts.googleapis.com/icon?family=Material+Icons" rel="stylesheet">

		<link href='https://cdn.rawgit.com/anshooarora/extentreports-java/bee7a4abdc590e21eec8618a90c81ff4d16e500a/dist/css/extent.css' type='text/css' rel='stylesheet' />
	
	<title>ExtentReports</title>

	<style type='text/css'>
	</style>
</head>

	<body class='extent standard default hide-overflow '>
		<div id='theme-selector' alt='Click to toggle theme. To enable by default, use theme configuration.' title='Click to toggle theme. To enable by default, use theme configuration.'>
			<span><i class='material-icons'>desktop_windows</i></span>
		</div>

<nav>
	<div class="nav-wrapper">
		<a href="#!" class="brand-logo blue darken-3">Extent</a>

		<!-- slideout menu -->
		<ul id='slide-out' class='side-nav fixed hide-on-med-and-down'>
			<li class='waves-effect active'><a href='#!' view='test-view' onclick="configureView(0);chartsView('test');"><i class='material-icons'>dashboard</i></a></li>
						<li class='waves-effect'><a href='#!' onclick="configureView(-1);chartsView('dashboard');" view='dashboard-view'><i class='material-icons'>track_changes</i></i></a></li>
		</ul>

		<!-- report name -->
		<span class='report-name'>ExtentReports</span>
		
		<!-- report headline -->
		<span class='report-headline'></span>

		<!-- nav-right -->
		<ul id='nav-mobile' class='right hide-on-med-and-down nav-right'>
			<li>
                <a href='#!'>
                    <span class='label suite-start-time blue darken-3'>Feb 21, 2024 11:25:23 AM</span>
				</a>
			</li>
			<li>
                <a href='#!'>
                    <span class='label blue darken-3'>v3.1.0</span>
				</a>
			</li>
		</ul>
	</div>
</nav>

		<!-- container -->
		<div class='container'>

<div id='test-view' class='view'>
				
	<section id='controls'>
		<div class='controls grey lighten-4'>
			<!-- test toggle -->
			<div class='chip transparent'>
				<a class='dropdown-button tests-toggle' data-activates='tests-toggle' data-constrainwidth='true' data-beloworigin='true' data-hover='true' href='#'>
					<i class='material-icons'>warning</i> Status
				</a>
				<ul id='tests-toggle' class='dropdown-content'>
											<li status='pass'><a href='#!'>Pass <i class='material-icons green-text'>check_circle</i></a></li>
						<li status='fail'><a href='#!'>Fail <i class='material-icons red-text'>cancel</i></a></li>
						<li status='skip'><a href='#!'>Skip <i class='material-icons cyan-text'>redo</i></a></li>
					<li class='divider'></li>
					<li status='clear' clear='true'><a href='#!'>Clear Filters <i class='material-icons'>clear</i></a></li>
				</ul>
			</div>
			<!-- test toggle -->

			<!-- category toggle -->
			<!-- category toggle -->

			<!-- clear filters -->
			<div class='chip transparent hide'>
				<a class='' id='clear-filters' alt='Clear Filters' title='Clear Filters'>
					<i class='material-icons'>close</i> Clear
				</a>
			</div>
			<!-- clear filters -->

			<!-- enable dashboard -->
			<div id='toggle-test-view-charts' class='chip transparent'>
				<a class='pink-text' id='enable-dashboard' alt='Enable Dashboard' title='Enable Dashboard'>
					<i class='material-icons'>track_changes</i> Dashboard
				</a>
			</div>
			<!-- enable dashboard -->

			<!-- search -->
			<div class='chip transparent' alt='Search Tests' title='Search Tests'>
				<a href="#" class='search-div'>
					<i class='material-icons'>search</i> Search
				</a>

				<div class='input-field left hide'>
					<input id='search-tests' type='text' class='validate browser-default' placeholder='Search Tests...'>
				</div>
				
			</div>
			<!-- search -->
		</div>
	</section>


<div id='test-view-charts' class='subview-full'>
	<div id='charts-row' class='row nm-v nm-h'>
		<div class='col s12 m6 l6 np-h'>
			<div class='card-panel nm-v'>
				<div class='left panel-name'>Tests</div>
				<div class='chart-box'>
					<canvas id='parent-analysis' width='100' height='80'></canvas>
				</div>
				<div class='block text-small'>
					<span class='tooltipped' data-position='top' data-tooltip='0%'><span class='strong'>0</span> test(s) passed</span>
				</div>
				<div class='block text-small'>
					<span class='strong tooltipped' data-position='top' data-tooltip='100%'>1</span> test(s) failed, <span class='strong tooltipped' data-position='top' data-tooltip='0%'>0</span> others
				</div>
			</div>
		</div>
		
		<div class='col s12 m6 l6 np-h'>
			<div class='card-panel nm-v'>
				<div class='left panel-name'>Steps</div>
				<div class='chart-box'>
					<canvas id='child-analysis' width='100' height='80'></canvas>
				</div>
				<div class='block text-small'>
					<span class='tooltipped' data-position='top' data-tooltip='25%'><span class='strong'>10</span> step(s) passed</span>
				</div>
				<div class='block text-small'>
					<span class='strong tooltipped' data-position='top' data-tooltip='12.5%'>5</span> step(s) failed, <span class='strong tooltipped' data-position='top' data-tooltip='62.5%'>25</span> others
				</div>
			</div>
		</div>
		
	</div>
</div>

	<div class='subview-left left'>
		
		<div class='view-summary'>
			<h5>Tests</h5>
			<ul id='test-collection' class='test-collection'>
				
				
				<li class='test displayed active  fail' status='fail' bdd='false' test-id='1'>
					<div class='test-heading'>
						<span class='test-name'>isklepanje</span>
						<span class='test-time'>Feb 21, 2024 11:25:23 AM</span>
						<span class='test-status right fail'>fail</span>
					</div>
					<div class='test-content hide'>
<div class='test-time-info'>
	<span class='label start-time'>Feb 21, 2024 11:25:23 AM</span>
	<span class='label end-time'>Feb 21, 2024 11:34:21 AM</span>
	<span class='label time-taken grey lighten-1 white-text'>0h 8m 58s+327ms</span>
</div>
	<div class='test-steps'>
		<table class='bordered table-results'>
			<thead>
				<tr>
					<th>Status</th>
					<th>Timestamp</th>
					<th>Details</th>
				</tr>
			</thead>
			<tbody>
				<tr class='log' status='pass'>
					<td class='status pass' title='pass' alt='pass'><i class='material-icons'>check_circle</i></td>
					<td class='timestamp'>11:26:42 AM</td>
					<td class='step-details'><span class='label white-text green'>BancneKartice - Test Case PASSED</span></td>
				</tr>
				<tr class='log' status='skip'>
					<td class='status skip' title='skip' alt='skip'><i class='material-icons'>redo</i></td>
					<td class='timestamp'>11:27:15 AM</td>
					<td class='step-details'><span class='label white-text orange'>AvtomobiliBrezPrijave - Test Case SKIPPED</span></td>
				</tr>
				<tr class='log' status='info'>
					<td class='status info' title='info' alt='info'><i class='material-icons'>info_outline</i></td>
					<td class='timestamp'>11:27:15 AM</td>
					<td class='step-details'><span class='label white-text orange'>org.openqa.selenium.NoSuchElementException: no such element: Unable to locate element: {"method":"css selector","selector":"#policyHolderUI\.name"}
  (Session info: chrome=120.0.6099.201)
For documentation on this error, please visit: https://www.selenium.dev/documentation/webdriver/troubleshooting/errors#no-such-element-exception
Build info: version: '4.15.0', revision: '1d14b5521b'
System info: os.name: 'Windows 11', os.arch: 'amd64', os.version: '10.0', java.version: '17.0.7'
Driver info: org.openqa.selenium.chrome.ChromeDriver
Command: [3cff1596f52da8ea757c895d710c2db7, findElement {using=id, value=policyHolderUI.name}]
Capabilities {acceptInsecureCerts: false, browserName: chrome, browserVersion: 120.0.6099.201, chrome: {chromedriverVersion: 120.0.6099.109 (3419140ab66..., userDataDir: C:\Users\nsapac\AppData\Loc...}, fedcm:accounts: true, goog:chromeOptions: {debuggerAddress: localhost:60301}, networkConnectionEnabled: false, pageLoadStrategy: normal, platformName: windows, proxy: Proxy(), se:cdp: ws://localhost:60301/devtoo..., se:cdpVersion: 120.0.6099.201, setWindowRect: true, strictFileInteractability: false, timeouts: {implicit: 0, pageLoad: 300000, script: 30000}, unhandledPromptBehavior: dismiss and notify, webauthn:extension:credBlob: true, webauthn:extension:largeBlob: true, webauthn:extension:minPinLength: true, webauthn:extension:prf: true, webauthn:virtualAuthenticators: true}
Session ID: 3cff1596f52da8ea757c895d710c2db7AvtomobiliBrezPrijave - Test Case SKIPPED</span></td>
				</tr>
				<tr class='log' status='info'>
					<td class='status info' title='info' alt='info'><i class='material-icons'>info_outline</i></td>
					<td class='timestamp'>11:27:15 AM</td>
					<td class='step-details'>Screenshot RETRY napake za: AvtomobiliBrezPrijave URL napake  je: https://skleni-qa.triglav.si/isklepanje/avto/avto_zavarovanje_1<img data-featherlight='C:\Users\nsapac\Projects\AutomationTests\isklepanjeWeb\isklepanje/slike/AvtomobiliBrezPrijave21.02.2024 11.27.15.png' width='10%' src='C:\Users\nsapac\Projects\AutomationTests\isklepanjeWeb\isklepanje/slike/AvtomobiliBrezPrijave21.02.2024 11.27.15.png' data-src='C:\Users\nsapac\Projects\AutomationTests\isklepanjeWeb\isklepanje/slike/AvtomobiliBrezPrijave21.02.2024 11.27.15.png'></td>
				</tr>
				<tr class='log' status='pass'>
					<td class='status pass' title='pass' alt='pass'><i class='material-icons'>check_circle</i></td>
					<td class='timestamp'>11:28:00 AM</td>
					<td class='step-details'><span class='label white-text green'>MladiVoznik - Test Case PASSED</span></td>
				</tr>
				<tr class='log' status='pass'>
					<td class='status pass' title='pass' alt='pass'><i class='material-icons'>check_circle</i></td>
					<td class='timestamp'>11:28:00 AM</td>
					<td class='step-details'><span class='label white-text green'>Mikromobilnost - Test Case PASSED</span></td>
				</tr>
				<tr class='log' status='pass'>
					<td class='status pass' title='pass' alt='pass'><i class='material-icons'>check_circle</i></td>
					<td class='timestamp'>11:28:35 AM</td>
					<td class='step-details'><span class='label white-text green'>MaleZivali - Test Case PASSED</span></td>
				</tr>
				<tr class='log' status='skip'>
					<td class='status skip' title='skip' alt='skip'><i class='material-icons'>redo</i></td>
					<td class='timestamp'>11:28:43 AM</td>
					<td class='step-details'><span class='label white-text orange'>InformativniIzracunValidacija - Test Case SKIPPED</span></td>
				</tr>
				<tr class='log' status='info'>
					<td class='status info' title='info' alt='info'><i class='material-icons'>info_outline</i></td>
					<td class='timestamp'>11:28:43 AM</td>
					<td class='step-details'><span class='label white-text orange'>org.openqa.selenium.ElementClickInterceptedException: element click intercepted: Element <a href="javascript:void(0)" class="wc-control wc-control-intro button btn-transparent btn-transparent-inverse btn-small close-control">...</a> is not clickable at point (1649, 766). Other element would receive the click: <div class="modal fade show" id="openDiscountModal" tabindex="-1" role="dialog" aria-labelledby="openDiscountModal" style="padding-right: 17px; display: block;">...</div>
  (Session info: chrome=120.0.6099.201)
Build info: version: '4.15.0', revision: '1d14b5521b'
System info: os.name: 'Windows 11', os.arch: 'amd64', os.version: '10.0', java.version: '17.0.7'
Driver info: org.openqa.selenium.chrome.ChromeDriver
Command: [fa1a20b444d4cef54747a356ec2612f3, clickElement {id=A66FC0C78C9DAF941502B01635683614_element_157}]
Capabilities {acceptInsecureCerts: false, browserName: chrome, browserVersion: 120.0.6099.201, chrome: {chromedriverVersion: 120.0.6099.109 (3419140ab66..., userDataDir: C:\Users\nsapac\AppData\Loc...}, fedcm:accounts: true, goog:chromeOptions: {debuggerAddress: localhost:60304}, networkConnectionEnabled: false, pageLoadStrategy: normal, platformName: windows, proxy: Proxy(), se:cdp: ws://localhost:60304/devtoo..., se:cdpVersion: 120.0.6099.201, setWindowRect: true, strictFileInteractability: false, timeouts: {implicit: 0, pageLoad: 300000, script: 30000}, unhandledPromptBehavior: dismiss and notify, webauthn:extension:credBlob: true, webauthn:extension:largeBlob: true, webauthn:extension:minPinLength: true, webauthn:extension:prf: true, webauthn:virtualAuthenticators: true}
Element: [[ChromeDriver: chrome on windows (fa1a20b444d4cef54747a356ec2612f3)] -> xpath: //a[contains(@class,'close-control')]]
Session ID: fa1a20b444d4cef54747a356ec2612f3InformativniIzracunValidacija - Test Case SKIPPED</span></td>
				</tr>
				<tr class='log' status='info'>
					<td class='status info' title='info' alt='info'><i class='material-icons'>info_outline</i></td>
					<td class='timestamp'>11:28:43 AM</td>
					<td class='step-details'>Screenshot RETRY napake za: InformativniIzracunValidacija URL napake  je: https://skleni-qa.triglav.si/iTriglav3/izracun/informativni-izracuni<img data-featherlight='C:\Users\nsapac\Projects\AutomationTests\isklepanjeWeb\isklepanje/slike/InformativniIzracunValidacija21.02.2024 11.28.43.png' width='10%' src='C:\Users\nsapac\Projects\AutomationTests\isklepanjeWeb\isklepanje/slike/InformativniIzracunValidacija21.02.2024 11.28.43.png' data-src='C:\Users\nsapac\Projects\AutomationTests\isklepanjeWeb\isklepanje/slike/InformativniIzracunValidacija21.02.2024 11.28.43.png'></td>
				</tr>
				<tr class='log' status='pass'>
					<td class='status pass' title='pass' alt='pass'><i class='material-icons'>check_circle</i></td>
					<td class='timestamp'>11:28:53 AM</td>
					<td class='step-details'><span class='label white-text green'>Dom - Test Case PASSED</span></td>
				</tr>
				<tr class='log' status='fail'>
					<td class='status fail' title='fail' alt='fail'><i class='material-icons'>cancel</i></td>
					<td class='timestamp'>11:29:10 AM</td>
					<td class='step-details'><span class='label white-text red'>AvtomobiliBrezPrijave - Test Case FAILED</span></td>
				</tr>
				<tr class='log' status='info'>
					<td class='status info' title='info' alt='info'><i class='material-icons'>info_outline</i></td>
					<td class='timestamp'>11:29:10 AM</td>
					<td class='step-details'><span class='label white-text red'>org.openqa.selenium.NoSuchElementException: no such element: Unable to locate element: {"method":"css selector","selector":"#policyHolderUI\.name"}
  (Session info: chrome=120.0.6099.201)
For documentation on this error, please visit: https://www.selenium.dev/documentation/webdriver/troubleshooting/errors#no-such-element-exception
Build info: version: '4.15.0', revision: '1d14b5521b'
System info: os.name: 'Windows 11', os.arch: 'amd64', os.version: '10.0', java.version: '17.0.7'
Driver info: org.openqa.selenium.chrome.ChromeDriver
Command: [e75b83bca9172bb16912f3bbc003423e, findElement {using=id, value=policyHolderUI.name}]
Capabilities {acceptInsecureCerts: false, browserName: chrome, browserVersion: 120.0.6099.201, chrome: {chromedriverVersion: 120.0.6099.109 (3419140ab66..., userDataDir: C:\Users\nsapac\AppData\Loc...}, fedcm:accounts: true, goog:chromeOptions: {debuggerAddress: localhost:56819}, networkConnectionEnabled: false, pageLoadStrategy: normal, platformName: windows, proxy: Proxy(), se:cdp: ws://localhost:56819/devtoo..., se:cdpVersion: 120.0.6099.201, setWindowRect: true, strictFileInteractability: false, timeouts: {implicit: 0, pageLoad: 300000, script: 30000}, unhandledPromptBehavior: dismiss and notify, webauthn:extension:credBlob: true, webauthn:extension:largeBlob: true, webauthn:extension:minPinLength: true, webauthn:extension:prf: true, webauthn:virtualAuthenticators: true}
Session ID: e75b83bca9172bb16912f3bbc003423e - Test Case FAILED</span></td>
				</tr>
				<tr class='log' status='info'>
					<td class='status info' title='info' alt='info'><i class='material-icons'>info_outline</i></td>
					<td class='timestamp'>11:29:10 AM</td>
					<td class='step-details'>Screenshot RETRY napake za: AvtomobiliBrezPrijave URL napake  je: https://skleni-qa.triglav.si/isklepanje/avto/avto_zavarovanje_1<img data-featherlight='C:\Users\nsapac\Projects\AutomationTests\isklepanjeWeb\isklepanje/slike/AvtomobiliBrezPrijave21.02.2024 11.29.10.png' width='10%' src='C:\Users\nsapac\Projects\AutomationTests\isklepanjeWeb\isklepanje/slike/AvtomobiliBrezPrijave21.02.2024 11.29.10.png' data-src='C:\Users\nsapac\Projects\AutomationTests\isklepanjeWeb\isklepanje/slike/AvtomobiliBrezPrijave21.02.2024 11.29.10.png'></td>
				</tr>
				<tr class='log' status='pass'>
					<td class='status pass' title='pass' alt='pass'><i class='material-icons'>check_circle</i></td>
					<td class='timestamp'>11:29:40 AM</td>
					<td class='step-details'><span class='label white-text green'>Motor - Test Case PASSED</span></td>
				</tr>
				<tr class='log' status='skip'>
					<td class='status skip' title='skip' alt='skip'><i class='material-icons'>redo</i></td>
					<td class='timestamp'>11:29:51 AM</td>
					<td class='step-details'><span class='label white-text orange'>Naprave - Test Case SKIPPED</span></td>
				</tr>
				<tr class='log' status='info'>
					<td class='status info' title='info' alt='info'><i class='material-icons'>info_outline</i></td>
					<td class='timestamp'>11:29:51 AM</td>
					<td class='step-details'><span class='label white-text orange'>org.openqa.selenium.NoSuchElementException: no such element: Unable to locate element: {"method":"css selector","selector":".alternateNext"}
  (Session info: chrome=120.0.6099.201)
For documentation on this error, please visit: https://www.selenium.dev/documentation/webdriver/troubleshooting/errors#no-such-element-exception
Build info: version: '4.15.0', revision: '1d14b5521b'
System info: os.name: 'Windows 11', os.arch: 'amd64', os.version: '10.0', java.version: '17.0.7'
Driver info: org.openqa.selenium.chrome.ChromeDriver
Command: [99f3a4f47ef64b2d7476d4966b0d8d4b, findElement {using=class name, value=alternateNext}]
Capabilities {acceptInsecureCerts: false, browserName: chrome, browserVersion: 120.0.6099.201, chrome: {chromedriverVersion: 120.0.6099.109 (3419140ab66..., userDataDir: C:\Users\nsapac\AppData\Loc...}, fedcm:accounts: true, goog:chromeOptions: {debuggerAddress: localhost:62243}, networkConnectionEnabled: false, pageLoadStrategy: normal, platformName: windows, proxy: Proxy(), se:cdp: ws://localhost:62243/devtoo..., se:cdpVersion: 120.0.6099.201, setWindowRect: true, strictFileInteractability: false, timeouts: {implicit: 0, pageLoad: 300000, script: 30000}, unhandledPromptBehavior: dismiss and notify, webauthn:extension:credBlob: true, webauthn:extension:largeBlob: true, webauthn:extension:minPinLength: true, webauthn:extension:prf: true, webauthn:virtualAuthenticators: true}
Session ID: 99f3a4f47ef64b2d7476d4966b0d8d4bNaprave - Test Case SKIPPED</span></td>
				</tr>
				<tr class='log' status='info'>
					<td class='status info' title='info' alt='info'><i class='material-icons'>info_outline</i></td>
					<td class='timestamp'>11:29:54 AM</td>
					<td class='step-details'>Screenshot RETRY napake za: Naprave URL napake  je: https://skleni-qa.triglav.si/isklepanje/elektronskeNaprave/preparePayment<img data-featherlight='C:\Users\nsapac\Projects\AutomationTests\isklepanjeWeb\isklepanje/slike/Naprave21.02.2024 11.29.51.png' width='10%' src='C:\Users\nsapac\Projects\AutomationTests\isklepanjeWeb\isklepanje/slike/Naprave21.02.2024 11.29.51.png' data-src='C:\Users\nsapac\Projects\AutomationTests\isklepanjeWeb\isklepanje/slike/Naprave21.02.2024 11.29.51.png'></td>
				</tr>
				<tr class='log' status='pass'>
					<td class='status pass' title='pass' alt='pass'><i class='material-icons'>check_circle</i></td>
					<td class='timestamp'>11:30:26 AM</td>
					<td class='step-details'><span class='label white-text green'>OdpovedPotovanj - Test Case PASSED</span></td>
				</tr>
				<tr class='log' status='skip'>
					<td class='status skip' title='skip' alt='skip'><i class='material-icons'>redo</i></td>
					<td class='timestamp'>11:31:08 AM</td>
					<td class='step-details'><span class='label white-text orange'>NezgodaQ - Test Case SKIPPED</span></td>
				</tr>
				<tr class='log' status='info'>
					<td class='status info' title='info' alt='info'><i class='material-icons'>info_outline</i></td>
					<td class='timestamp'>11:31:08 AM</td>
					<td class='step-details'><span class='label white-text orange'>org.openqa.selenium.NoSuchElementException: no such element: Unable to locate element: {"method":"xpath","selector":"//*[@class='checkbox--primary__icon']"}
  (Session info: chrome=120.0.6099.201)
For documentation on this error, please visit: https://www.selenium.dev/documentation/webdriver/troubleshooting/errors#no-such-element-exception
Build info: version: '4.15.0', revision: '1d14b5521b'
System info: os.name: 'Windows 11', os.arch: 'amd64', os.version: '10.0', java.version: '17.0.7'
Driver info: org.openqa.selenium.chrome.ChromeDriver
Command: [b205187cf083babe9932c892cb091c4d, findElement {using=xpath, value=//*[@class='checkbox--primary__icon']}]
Capabilities {acceptInsecureCerts: false, browserName: chrome, browserVersion: 120.0.6099.201, chrome: {chromedriverVersion: 120.0.6099.109 (3419140ab66..., userDataDir: C:\Users\nsapac\AppData\Loc...}, fedcm:accounts: true, goog:chromeOptions: {debuggerAddress: localhost:62244}, networkConnectionEnabled: false, pageLoadStrategy: normal, platformName: windows, proxy: Proxy(), se:cdp: ws://localhost:62244/devtoo..., se:cdpVersion: 120.0.6099.201, setWindowRect: true, strictFileInteractability: false, timeouts: {implicit: 0, pageLoad: 300000, script: 30000}, unhandledPromptBehavior: dismiss and notify, webauthn:extension:credBlob: true, webauthn:extension:largeBlob: true, webauthn:extension:minPinLength: true, webauthn:extension:prf: true, webauthn:virtualAuthenticators: true}
Session ID: b205187cf083babe9932c892cb091c4dNezgodaQ - Test Case SKIPPED</span></td>
				</tr>
				<tr class='log' status='info'>
					<td class='status info' title='info' alt='info'><i class='material-icons'>info_outline</i></td>
					<td class='timestamp'>11:31:08 AM</td>
					<td class='step-details'>Screenshot RETRY napake za: NezgodaQ URL napake  je: https://skleni-qa.triglav.si/isklepanje/nezgoda/nezgodno_zavarovanje_otrok_in_mladih_5<img data-featherlight='C:\Users\nsapac\Projects\AutomationTests\isklepanjeWeb\isklepanje/slike/NezgodaQ21.02.2024 11.31.08.png' width='10%' src='C:\Users\nsapac\Projects\AutomationTests\isklepanjeWeb\isklepanje/slike/NezgodaQ21.02.2024 11.31.08.png' data-src='C:\Users\nsapac\Projects\AutomationTests\isklepanjeWeb\isklepanje/slike/NezgodaQ21.02.2024 11.31.08.png'></td>
				</tr>
				<tr class='log' status='fail'>
					<td class='status fail' title='fail' alt='fail'><i class='material-icons'>cancel</i></td>
					<td class='timestamp'>11:31:36 AM</td>
					<td class='step-details'><span class='label white-text red'>Naprave - Test Case FAILED</span></td>
				</tr>
				<tr class='log' status='info'>
					<td class='status info' title='info' alt='info'><i class='material-icons'>info_outline</i></td>
					<td class='timestamp'>11:31:36 AM</td>
					<td class='step-details'><span class='label white-text red'>org.openqa.selenium.NoSuchElementException: no such element: Unable to locate element: {"method":"css selector","selector":".alternateNext"}
  (Session info: chrome=120.0.6099.201)
For documentation on this error, please visit: https://www.selenium.dev/documentation/webdriver/troubleshooting/errors#no-such-element-exception
Build info: version: '4.15.0', revision: '1d14b5521b'
System info: os.name: 'Windows 11', os.arch: 'amd64', os.version: '10.0', java.version: '17.0.7'
Driver info: org.openqa.selenium.chrome.ChromeDriver
Command: [7fb68e5e3b4f93ec01a3f1c62ed7ddf6, findElement {using=class name, value=alternateNext}]
Capabilities {acceptInsecureCerts: false, browserName: chrome, browserVersion: 120.0.6099.201, chrome: {chromedriverVersion: 120.0.6099.109 (3419140ab66..., userDataDir: C:\Users\nsapac\AppData\Loc...}, fedcm:accounts: true, goog:chromeOptions: {debuggerAddress: localhost:49996}, networkConnectionEnabled: false, pageLoadStrategy: normal, platformName: windows, proxy: Proxy(), se:cdp: ws://localhost:49996/devtoo..., se:cdpVersion: 120.0.6099.201, setWindowRect: true, strictFileInteractability: false, timeouts: {implicit: 0, pageLoad: 300000, script: 30000}, unhandledPromptBehavior: dismiss and notify, webauthn:extension:credBlob: true, webauthn:extension:largeBlob: true, webauthn:extension:minPinLength: true, webauthn:extension:prf: true, webauthn:virtualAuthenticators: true}
Session ID: 7fb68e5e3b4f93ec01a3f1c62ed7ddf6 - Test Case FAILED</span></td>
				</tr>
				<tr class='log' status='info'>
					<td class='status info' title='info' alt='info'><i class='material-icons'>info_outline</i></td>
					<td class='timestamp'>11:31:37 AM</td>
					<td class='step-details'>Screenshot RETRY napake za: Naprave URL napake  je: https://skleni-qa.triglav.si/isklepanje/elektronskeNaprave/preparePayment<img data-featherlight='C:\Users\nsapac\Projects\AutomationTests\isklepanjeWeb\isklepanje/slike/Naprave21.02.2024 11.31.36.png' width='10%' src='C:\Users\nsapac\Projects\AutomationTests\isklepanjeWeb\isklepanje/slike/Naprave21.02.2024 11.31.36.png' data-src='C:\Users\nsapac\Projects\AutomationTests\isklepanjeWeb\isklepanje/slike/Naprave21.02.2024 11.31.36.png'></td>
				</tr>
				<tr class='log' status='pass'>
					<td class='status pass' title='pass' alt='pass'><i class='material-icons'>check_circle</i></td>
					<td class='timestamp'>11:31:40 AM</td>
					<td class='step-details'><span class='label white-text green'>OsebnaZascitaDruzinsko - Test Case PASSED</span></td>
				</tr>
				<tr class='log' status='skip'>
					<td class='status skip' title='skip' alt='skip'><i class='material-icons'>redo</i></td>
					<td class='timestamp'>11:31:49 AM</td>
					<td class='step-details'><span class='label white-text orange'>NezgodaQ2Otroka - Test Case SKIPPED</span></td>
				</tr>
				<tr class='log' status='info'>
					<td class='status info' title='info' alt='info'><i class='material-icons'>info_outline</i></td>
					<td class='timestamp'>11:31:49 AM</td>
					<td class='step-details'><span class='label white-text orange'>org.openqa.selenium.NoSuchElementException: no such element: Unable to locate element: {"method":"xpath","selector":"//*[@class='checkbox--primary__icon']"}
  (Session info: chrome=120.0.6099.201)
For documentation on this error, please visit: https://www.selenium.dev/documentation/webdriver/troubleshooting/errors#no-such-element-exception
Build info: version: '4.15.0', revision: '1d14b5521b'
System info: os.name: 'Windows 11', os.arch: 'amd64', os.version: '10.0', java.version: '17.0.7'
Driver info: org.openqa.selenium.chrome.ChromeDriver
Command: [262ef0906571141c2be09158f3cbab64, findElement {using=xpath, value=//*[@class='checkbox--primary__icon']}]
Capabilities {acceptInsecureCerts: false, browserName: chrome, browserVersion: 120.0.6099.201, chrome: {chromedriverVersion: 120.0.6099.109 (3419140ab66..., userDataDir: C:\Users\nsapac\AppData\Loc...}, fedcm:accounts: true, goog:chromeOptions: {debuggerAddress: localhost:55151}, networkConnectionEnabled: false, pageLoadStrategy: normal, platformName: windows, proxy: Proxy(), se:cdp: ws://localhost:55151/devtoo..., se:cdpVersion: 120.0.6099.201, setWindowRect: true, strictFileInteractability: false, timeouts: {implicit: 0, pageLoad: 300000, script: 30000}, unhandledPromptBehavior: dismiss and notify, webauthn:extension:credBlob: true, webauthn:extension:largeBlob: true, webauthn:extension:minPinLength: true, webauthn:extension:prf: true, webauthn:virtualAuthenticators: true}
Session ID: 262ef0906571141c2be09158f3cbab64NezgodaQ2Otroka - Test Case SKIPPED</span></td>
				</tr>
				<tr class='log' status='info'>
					<td class='status info' title='info' alt='info'><i class='material-icons'>info_outline</i></td>
					<td class='timestamp'>11:31:49 AM</td>
					<td class='step-details'>Screenshot RETRY napake za: NezgodaQ2Otroka URL napake  je: https://skleni-qa.triglav.si/isklepanje/nezgoda/nezgodno_zavarovanje_otrok_in_mladih_5<img data-featherlight='C:\Users\nsapac\Projects\AutomationTests\isklepanjeWeb\isklepanje/slike/NezgodaQ2Otroka21.02.2024 11.31.49.png' width='10%' src='C:\Users\nsapac\Projects\AutomationTests\isklepanjeWeb\isklepanje/slike/NezgodaQ2Otroka21.02.2024 11.31.49.png' data-src='C:\Users\nsapac\Projects\AutomationTests\isklepanjeWeb\isklepanje/slike/NezgodaQ2Otroka21.02.2024 11.31.49.png'></td>
				</tr>
				<tr class='log' status='fail'>
					<td class='status fail' title='fail' alt='fail'><i class='material-icons'>cancel</i></td>
					<td class='timestamp'>11:32:06 AM</td>
					<td class='step-details'><span class='label white-text red'>InformativniIzracunValidacija - Test Case FAILED</span></td>
				</tr>
				<tr class='log' status='info'>
					<td class='status info' title='info' alt='info'><i class='material-icons'>info_outline</i></td>
					<td class='timestamp'>11:32:06 AM</td>
					<td class='step-details'><span class='label white-text red'>org.openqa.selenium.ElementClickInterceptedException: element click intercepted: Element <a href="javascript:void(0)" class="wc-control wc-control-intro button btn-transparent btn-transparent-inverse btn-small close-control">...</a> is not clickable at point (1649, 766). Other element would receive the click: <div class="modal fade show" id="openDiscountModal" tabindex="-1" role="dialog" aria-labelledby="openDiscountModal" style="padding-right: 17px; display: block;">...</div>
  (Session info: chrome=120.0.6099.201)
Build info: version: '4.15.0', revision: '1d14b5521b'
System info: os.name: 'Windows 11', os.arch: 'amd64', os.version: '10.0', java.version: '17.0.7'
Driver info: org.openqa.selenium.chrome.ChromeDriver
Command: [822b0e6e4c0cbf03cd0ebdad2302891d, clickElement {id=9BDBE902C0499AE7C49A128A95905770_element_112}]
Capabilities {acceptInsecureCerts: false, browserName: chrome, browserVersion: 120.0.6099.201, chrome: {chromedriverVersion: 120.0.6099.109 (3419140ab66..., userDataDir: C:\Users\nsapac\AppData\Loc...}, fedcm:accounts: true, goog:chromeOptions: {debuggerAddress: localhost:55213}, networkConnectionEnabled: false, pageLoadStrategy: normal, platformName: windows, proxy: Proxy(), se:cdp: ws://localhost:55213/devtoo..., se:cdpVersion: 120.0.6099.201, setWindowRect: true, strictFileInteractability: false, timeouts: {implicit: 0, pageLoad: 300000, script: 30000}, unhandledPromptBehavior: dismiss and notify, webauthn:extension:credBlob: true, webauthn:extension:largeBlob: true, webauthn:extension:minPinLength: true, webauthn:extension:prf: true, webauthn:virtualAuthenticators: true}
Element: [[ChromeDriver: chrome on windows (822b0e6e4c0cbf03cd0ebdad2302891d)] -> xpath: //a[contains(@class,'close-control')]]
Session ID: 822b0e6e4c0cbf03cd0ebdad2302891d - Test Case FAILED</span></td>
				</tr>
				<tr class='log' status='info'>
					<td class='status info' title='info' alt='info'><i class='material-icons'>info_outline</i></td>
					<td class='timestamp'>11:32:06 AM</td>
					<td class='step-details'>Screenshot RETRY napake za: InformativniIzracunValidacija URL napake  je: https://skleni-qa.triglav.si/iTriglav3/izracun/informativni-izracuni<img data-featherlight='C:\Users\nsapac\Projects\AutomationTests\isklepanjeWeb\isklepanje/slike/InformativniIzracunValidacija21.02.2024 11.32.06.png' width='10%' src='C:\Users\nsapac\Projects\AutomationTests\isklepanjeWeb\isklepanje/slike/InformativniIzracunValidacija21.02.2024 11.32.06.png' data-src='C:\Users\nsapac\Projects\AutomationTests\isklepanjeWeb\isklepanje/slike/InformativniIzracunValidacija21.02.2024 11.32.06.png'></td>
				</tr>
				<tr class='log' status='pass'>
					<td class='status pass' title='pass' alt='pass'><i class='material-icons'>check_circle</i></td>
					<td class='timestamp'>11:32:20 AM</td>
					<td class='step-details'><span class='label white-text green'>OsebnaZascitaPosamicno - Test Case PASSED</span></td>
				</tr>
				<tr class='log' status='pass'>
					<td class='status pass' title='pass' alt='pass'><i class='material-icons'>check_circle</i></td>
					<td class='timestamp'>11:33:17 AM</td>
					<td class='step-details'><span class='label white-text green'>Potovanje - Test Case PASSED</span></td>
				</tr>
				<tr class='log' status='fail'>
					<td class='status fail' title='fail' alt='fail'><i class='material-icons'>cancel</i></td>
					<td class='timestamp'>11:33:42 AM</td>
					<td class='step-details'><span class='label white-text red'>NezgodaQ - Test Case FAILED</span></td>
				</tr>
				<tr class='log' status='info'>
					<td class='status info' title='info' alt='info'><i class='material-icons'>info_outline</i></td>
					<td class='timestamp'>11:33:42 AM</td>
					<td class='step-details'><span class='label white-text red'>org.openqa.selenium.NoSuchElementException: no such element: Unable to locate element: {"method":"xpath","selector":"//*[@class='checkbox--primary__icon']"}
  (Session info: chrome=120.0.6099.201)
For documentation on this error, please visit: https://www.selenium.dev/documentation/webdriver/troubleshooting/errors#no-such-element-exception
Build info: version: '4.15.0', revision: '1d14b5521b'
System info: os.name: 'Windows 11', os.arch: 'amd64', os.version: '10.0', java.version: '17.0.7'
Driver info: org.openqa.selenium.chrome.ChromeDriver
Command: [542551e8cc86cc4f8d6a857d72ad2c51, findElement {using=xpath, value=//*[@class='checkbox--primary__icon']}]
Capabilities {acceptInsecureCerts: false, browserName: chrome, browserVersion: 120.0.6099.201, chrome: {chromedriverVersion: 120.0.6099.109 (3419140ab66..., userDataDir: C:\Users\nsapac\AppData\Loc...}, fedcm:accounts: true, goog:chromeOptions: {debuggerAddress: localhost:65342}, networkConnectionEnabled: false, pageLoadStrategy: normal, platformName: windows, proxy: Proxy(), se:cdp: ws://localhost:65342/devtoo..., se:cdpVersion: 120.0.6099.201, setWindowRect: true, strictFileInteractability: false, timeouts: {implicit: 0, pageLoad: 300000, script: 30000}, unhandledPromptBehavior: dismiss and notify, webauthn:extension:credBlob: true, webauthn:extension:largeBlob: true, webauthn:extension:minPinLength: true, webauthn:extension:prf: true, webauthn:virtualAuthenticators: true}
Session ID: 542551e8cc86cc4f8d6a857d72ad2c51 - Test Case FAILED</span></td>
				</tr>
				<tr class='log' status='info'>
					<td class='status info' title='info' alt='info'><i class='material-icons'>info_outline</i></td>
					<td class='timestamp'>11:33:42 AM</td>
					<td class='step-details'>Screenshot RETRY napake za: NezgodaQ URL napake  je: https://skleni-qa.triglav.si/isklepanje/nezgoda/nezgodno_zavarovanje_otrok_in_mladih_5<img data-featherlight='C:\Users\nsapac\Projects\AutomationTests\isklepanjeWeb\isklepanje/slike/NezgodaQ21.02.2024 11.33.42.png' width='10%' src='C:\Users\nsapac\Projects\AutomationTests\isklepanjeWeb\isklepanje/slike/NezgodaQ21.02.2024 11.33.42.png' data-src='C:\Users\nsapac\Projects\AutomationTests\isklepanjeWeb\isklepanje/slike/NezgodaQ21.02.2024 11.33.42.png'></td>
				</tr>
				<tr class='log' status='fail'>
					<td class='status fail' title='fail' alt='fail'><i class='material-icons'>cancel</i></td>
					<td class='timestamp'>11:34:21 AM</td>
					<td class='step-details'><span class='label white-text red'>NezgodaQ2Otroka - Test Case FAILED</span></td>
				</tr>
				<tr class='log' status='info'>
					<td class='status info' title='info' alt='info'><i class='material-icons'>info_outline</i></td>
					<td class='timestamp'>11:34:21 AM</td>
					<td class='step-details'><span class='label white-text red'>org.openqa.selenium.NoSuchElementException: no such element: Unable to locate element: {"method":"xpath","selector":"//*[@class='checkbox--primary__icon']"}
  (Session info: chrome=120.0.6099.201)
For documentation on this error, please visit: https://www.selenium.dev/documentation/webdriver/troubleshooting/errors#no-such-element-exception
Build info: version: '4.15.0', revision: '1d14b5521b'
System info: os.name: 'Windows 11', os.arch: 'amd64', os.version: '10.0', java.version: '17.0.7'
Driver info: org.openqa.selenium.chrome.ChromeDriver
Command: [572d43abb4552d5257acbf69cebf47d3, findElement {using=xpath, value=//*[@class='checkbox--primary__icon']}]
Capabilities {acceptInsecureCerts: false, browserName: chrome, browserVersion: 120.0.6099.201, chrome: {chromedriverVersion: 120.0.6099.109 (3419140ab66..., userDataDir: C:\Users\nsapac\AppData\Loc...}, fedcm:accounts: true, goog:chromeOptions: {debuggerAddress: localhost:54351}, networkConnectionEnabled: false, pageLoadStrategy: normal, platformName: windows, proxy: Proxy(), se:cdp: ws://localhost:54351/devtoo..., se:cdpVersion: 120.0.6099.201, setWindowRect: true, strictFileInteractability: false, timeouts: {implicit: 0, pageLoad: 300000, script: 30000}, unhandledPromptBehavior: dismiss and notify, webauthn:extension:credBlob: true, webauthn:extension:largeBlob: true, webauthn:extension:minPinLength: true, webauthn:extension:prf: true, webauthn:virtualAuthenticators: true}
Session ID: 572d43abb4552d5257acbf69cebf47d3 - Test Case FAILED</span></td>
				</tr>
				<tr class='log' status='info'>
					<td class='status info' title='info' alt='info'><i class='material-icons'>info_outline</i></td>
					<td class='timestamp'>11:34:21 AM</td>
					<td class='step-details'>Screenshot RETRY napake za: NezgodaQ2Otroka URL napake  je: https://skleni-qa.triglav.si/isklepanje/nezgoda/nezgodno_zavarovanje_otrok_in_mladih_5<img data-featherlight='C:\Users\nsapac\Projects\AutomationTests\isklepanjeWeb\isklepanje/slike/NezgodaQ2Otroka21.02.2024 11.34.21.png' width='10%' src='C:\Users\nsapac\Projects\AutomationTests\isklepanjeWeb\isklepanje/slike/NezgodaQ2Otroka21.02.2024 11.34.21.png' data-src='C:\Users\nsapac\Projects\AutomationTests\isklepanjeWeb\isklepanje/slike/NezgodaQ2Otroka21.02.2024 11.34.21.png'></td>
				</tr>
			</tbody>
		</table>
	</div>
					</div>
				</li>
			</ul>
		</div>
	</div>
	<!-- subview left -->

	<div class='subview-right left'>
		<div class='view-summary'>
			<h5 class='test-name'></h5>

			<div id='step-filters' class="right">
				<span class="blue-text" status="info" alt="info" title="info"><i class="material-icons">info_outline</i></span>
				<span class="green-text" status="pass" alt="pass" title="pass"><i class="material-icons">check_circle</i></span>
				<span class="red-text" status="fail" alt="fail" title="fail"><i class="material-icons">cancel</i></span>
				<span class="red-text text-darken-4" status="fatal" alt="fatal" title="fatal"><i class="material-icons">cancel</i></span>
				<span class="pink-text text-lighten-1" status="error" alt="error" title="error"><i class="material-icons">error</i></span>
				<span class="orange-text" alt="warning" status="warning" title="warning"><i class="material-icons">warning</i></span>
				<span class="teal-text" status="skip" alt="skip" title="skip"><i class="material-icons">redo</i></span>
				<span status="clear" alt="Clear filters" title="Clear filters"><i class="material-icons">clear</i></span>
			</div>
		</div>
	</div>
	<!-- subview right -->

</div>
<!-- test view -->
<!-- category view -->
<!-- exception view -->
<div id='dashboard-view' class='view hide'>
	<div class='card-panel transparent np-v'>
		<h5>Dashboard</h5>

		<div class='row'>
			<div class='col s2'>
				<div class='card-panel r'>
					Tests
					<div class='panel-lead'>1</div>
				</div>
			</div>
			<div class='col s2'>
				<div class='card-panel r'>
					Steps
					<div class='panel-lead'>40</div>
				</div>
			</div>
			<div class='col s2'>
				<div class='card-panel r'>
					Start
					<div class='panel-lead'>Feb 21, 2024 11:25:23 AM</div>
				</div>
			</div>
			<div class='col s2'>
				<div class='card-panel r'>
			 		End
			 		<div class='panel-lead'>Feb 21, 2024 11:34:21 AM</div>
				</div>
			</div>
			<div class='col s2'>
				<div class='card-panel r'>
					Time Taken
					<div class='panel-lead'>538,457ms</div>
				</div>
			</div>
		</div>
	</div>
</div>
<!-- dashboard view -->
<!-- testrunner-logs view -->
		</div>
		<!-- container -->

		<script>
			var statusGroup = {
				passParent: 0,
				failParent: 1,
				fatalParent: 0,
				errorParent: 0,
				warningParent: 0,
				skipParent: 0,
				exceptionsParent: 1,
				
				passChild: 10,
				failChild: 5,
				fatalChild: 0,
				errorChild: 0,
				warningChild: 0,
				skipChild: 5,
				infoChild: 20,
				exceptionsChild: 10,
				
				passGrandChild: 0,
				failGrandChild: 0,
				fatalGrandChild: 0,
				errorGrandChild: 0,
				warningGrandChild: 0,
				skipGrandChild: 0,
				infoGrandChild: 0,
				exceptionsGrandChild: 0,
			};
		</script>
		
			<script src='https://cdn.rawgit.com/anshooarora/extentreports-java/fca20fb7653aade98810546ab96a2a4360e3e712/dist/js/extent.js' type='text/javascript'></script>
		
		
 		<script type='text/javascript'>
 		</script>
	</body>
	
</html>
